\BOOKMARK [0][-]{chapter*.1}{Abstract}{}% 1
\BOOKMARK [0][-]{chapter*.2}{Acknowledgements}{}% 2
\BOOKMARK [0][-]{chapter*.3}{Table of Contents}{}% 3
\BOOKMARK [0][-]{chapter*.3}{List of Tables}{}% 4
\BOOKMARK [0][-]{chapter*.4}{List of Figures}{}% 5
\BOOKMARK [0][-]{chapter*.6}{Abbreviations}{}% 6
\BOOKMARK [0][-]{chapter.1}{Introduction}{}% 7
\BOOKMARK [1][-]{section.1.1}{Background}{chapter.1}% 8
\BOOKMARK [1][-]{section.1.2}{Introduction of the InforMe@Dublin Project}{chapter.1}% 9
\BOOKMARK [1][-]{section.1.3}{Research Question's}{chapter.1}% 10
\BOOKMARK [0][-]{chapter.2}{Project Management}{}% 11
\BOOKMARK [1][-]{section.2.1}{Project Name / Supervisor / Manager }{chapter.2}% 12
\BOOKMARK [1][-]{section.2.2}{Success Criteria}{chapter.2}% 13
\BOOKMARK [1][-]{section.2.3}{Assumptions Risks and Obstacles }{chapter.2}% 14
\BOOKMARK [1][-]{section.2.4}{Motivation for choosing project}{chapter.2}% 15
\BOOKMARK [1][-]{section.2.5}{Methodology}{chapter.2}% 16
\BOOKMARK [1][-]{section.2.6}{Work Breakdown Structure}{chapter.2}% 17
\BOOKMARK [1][-]{section.2.7}{Technologies and Skills Needed}{chapter.2}% 18
\BOOKMARK [1][-]{section.2.8}{Gantt Chart}{chapter.2}% 19
\BOOKMARK [1][-]{section.2.9}{Development Device}{chapter.2}% 20
\BOOKMARK [1][-]{section.2.10}{Conclusion}{chapter.2}% 21
\BOOKMARK [0][-]{chapter.3}{Literature Review}{}% 22
\BOOKMARK [1][-]{section.3.1}{The New Era of Mobile Phone Technology}{chapter.3}% 23
\BOOKMARK [1][-]{section.3.2}{The Rise of Android OS}{chapter.3}% 24
\BOOKMARK [1][-]{section.3.3}{A Look at Smartphone Frameworks}{chapter.3}% 25
\BOOKMARK [1][-]{section.3.4}{The Creation of a New IDE}{chapter.3}% 26
\BOOKMARK [1][-]{section.3.5}{Moving to the Cloud}{chapter.3}% 27
\BOOKMARK [2][-]{subsection.3.5.1}{Firebase}{section.3.5}% 28
\BOOKMARK [2][-]{subsection.3.5.2}{Microsoft Azure}{section.3.5}% 29
\BOOKMARK [1][-]{section.3.6}{Utilising Google's Geographical Mapping Systems }{chapter.3}% 30
\BOOKMARK [1][-]{section.3.7}{Acquiring Location Based Services}{chapter.3}% 31
\BOOKMARK [1][-]{section.3.8}{Details in Inquiring the Location of a Device}{chapter.3}% 32
\BOOKMARK [1][-]{section.3.9}{Literature Conclusion}{chapter.3}% 33
\BOOKMARK [0][-]{chapter.4}{Methodology Chapter}{}% 34
\BOOKMARK [1][-]{section.4.1}{Appropriateness of the Research Design}{chapter.4}% 35
\BOOKMARK [1][-]{section.4.2}{Pilot Study of Proposed Project}{chapter.4}% 36
\BOOKMARK [1][-]{section.4.3}{Ethical Considerations}{chapter.4}% 37
\BOOKMARK [1][-]{section.4.4}{Validity}{chapter.4}% 38
\BOOKMARK [1][-]{section.4.5}{InforMe@Dublin Survey Results}{chapter.4}% 39
\BOOKMARK [1][-]{section.4.6}{Summary}{chapter.4}% 40
\BOOKMARK [0][-]{chapter.5}{System Requirements and Specification}{}% 41
\BOOKMARK [1][-]{section.5.1}{Description}{chapter.5}% 42
\BOOKMARK [1][-]{section.5.2}{Underlying Architecture of the Android OS}{chapter.5}% 43
\BOOKMARK [1][-]{section.5.3}{Android's Incorporated libraries}{chapter.5}% 44
\BOOKMARK [1][-]{section.5.4}{A Look at Android's Location Service's}{chapter.5}% 45
\BOOKMARK [1][-]{section.5.5}{Installation of InforMe@Dublin}{chapter.5}% 46
\BOOKMARK [1][-]{section.5.6}{Login and Authentication Diagrams}{chapter.5}% 47
\BOOKMARK [2][-]{subsection.5.6.1}{Login Use Case Diagram}{section.5.6}% 48
\BOOKMARK [2][-]{subsection.5.6.2}{Login Activity Diagram}{section.5.6}% 49
\BOOKMARK [2][-]{subsection.5.6.3}{Login Sequence Diagram}{section.5.6}% 50
\BOOKMARK [1][-]{section.5.7}{Maps and Geofencing Diagrams}{chapter.5}% 51
\BOOKMARK [2][-]{subsection.5.7.1}{Maps and Geofence Use Case Diagram}{section.5.7}% 52
\BOOKMARK [2][-]{subsection.5.7.2}{Maps and Geofence Activity Diagram}{section.5.7}% 53
\BOOKMARK [2][-]{subsection.5.7.3}{Maps and Geofence Sequence Diagram}{section.5.7}% 54
\BOOKMARK [1][-]{section.5.8}{Information and Posting Diagrams}{chapter.5}% 55
\BOOKMARK [2][-]{subsection.5.8.1}{Information and Posting Use Case Diagram}{section.5.8}% 56
\BOOKMARK [2][-]{subsection.5.8.2}{Information and Posting Activity Diagram}{section.5.8}% 57
\BOOKMARK [2][-]{subsection.5.8.3}{Information and Posting Sequence Diagram}{section.5.8}% 58
\BOOKMARK [1][-]{section.5.9}{Settings Diagrams}{chapter.5}% 59
\BOOKMARK [2][-]{subsection.5.9.1}{Settings Use Case Diagram}{section.5.9}% 60
\BOOKMARK [2][-]{subsection.5.9.2}{Settings Activity Diagram}{section.5.9}% 61
\BOOKMARK [2][-]{subsection.5.9.3}{Settings Sequence Diagram}{section.5.9}% 62
\BOOKMARK [1][-]{section.5.10}{Overall System Use Case Diagram}{chapter.5}% 63
\BOOKMARK [1][-]{section.5.11}{Activity Diagram with Overall System}{chapter.5}% 64
\BOOKMARK [1][-]{section.5.12}{Summary of the Chapter}{chapter.5}% 65
\BOOKMARK [0][-]{chapter.6}{Application Design}{}% 66
\BOOKMARK [1][-]{section.6.1}{Description of the Chapter}{chapter.6}% 67
\BOOKMARK [1][-]{section.6.2}{Creation of InforMe@Dublin's Logo}{chapter.6}% 68
\BOOKMARK [1][-]{section.6.3}{Start Page}{chapter.6}% 69
\BOOKMARK [1][-]{section.6.4}{Colour Scheme}{chapter.6}% 70
\BOOKMARK [1][-]{section.6.5}{Wire-frames}{chapter.6}% 71
\BOOKMARK [2][-]{subsection.6.5.1}{Login}{section.6.5}% 72
\BOOKMARK [2][-]{subsection.6.5.2}{Map}{section.6.5}% 73
\BOOKMARK [2][-]{subsection.6.5.3}{Settings}{section.6.5}% 74
\BOOKMARK [2][-]{subsection.6.5.4}{Add Information}{section.6.5}% 75
\BOOKMARK [2][-]{subsection.6.5.5}{Show Information}{section.6.5}% 76
\BOOKMARK [1][-]{section.6.6}{Summary of the Chapter}{chapter.6}% 77
\BOOKMARK [0][-]{chapter.7}{Implementation of System}{}% 78
\BOOKMARK [1][-]{section.7.1}{Initialization of the System}{chapter.7}% 79
\BOOKMARK [1][-]{section.7.2}{Background to Android Devices Activity's Life-cycle}{chapter.7}% 80
\BOOKMARK [1][-]{section.7.3}{Putting InforMe@Dublin Application on Google Play}{chapter.7}% 81
\BOOKMARK [1][-]{section.7.4}{A Way of allocating Permissions}{chapter.7}% 82
\BOOKMARK [1][-]{section.7.5}{Utilising Firebase's Auth method}{chapter.7}% 83
\BOOKMARK [1][-]{section.7.6}{Logging into Cloud services}{chapter.7}% 84
\BOOKMARK [1][-]{section.7.7}{Creation of User Preferences}{chapter.7}% 85
\BOOKMARK [1][-]{section.7.8}{Retrieving of Google's Mapping System}{chapter.7}% 86
\BOOKMARK [1][-]{section.7.9}{Attaining Clients Correlative Location}{chapter.7}% 87
\BOOKMARK [1][-]{section.7.10}{Finding the Corresponding Positions of Historic areas}{chapter.7}% 88
\BOOKMARK [1][-]{section.7.11}{A Look at the Geofencing Notification Service}{chapter.7}% 89
\BOOKMARK [1][-]{section.7.12}{Retrieving Information of Historical Monuments}{chapter.7}% 90
\BOOKMARK [1][-]{section.7.13}{Storage of Data}{chapter.7}% 91
\BOOKMARK [1][-]{section.7.14}{Summary of the Chapter}{chapter.7}% 92
\BOOKMARK [0][-]{chapter.8}{Testing and Evaluation}{}% 93
\BOOKMARK [1][-]{section.8.1}{Description of the Chapter}{chapter.8}% 94
\BOOKMARK [1][-]{section.8.2}{Functional Correctness}{chapter.8}% 95
\BOOKMARK [1][-]{section.8.3}{Loading of the Application}{chapter.8}% 96
\BOOKMARK [1][-]{section.8.4}{Loading of the Map}{chapter.8}% 97
\BOOKMARK [1][-]{section.8.5}{Loading of the Information}{chapter.8}% 98
\BOOKMARK [1][-]{section.8.6}{Efficiency of the Application}{chapter.8}% 99
\BOOKMARK [1][-]{section.8.7}{Usability of the Application}{chapter.8}% 100
\BOOKMARK [1][-]{section.8.8}{Tasks on using the Application for a Tester}{chapter.8}% 101
\BOOKMARK [1][-]{section.8.9}{Tester 01}{chapter.8}% 102
\BOOKMARK [2][-]{subsection.8.9.1}{Graphic Display}{section.8.9}% 103
\BOOKMARK [2][-]{subsection.8.9.2}{Usability}{section.8.9}% 104
\BOOKMARK [2][-]{subsection.8.9.3}{Additional Comments}{section.8.9}% 105
\BOOKMARK [1][-]{section.8.10}{Tester 02}{chapter.8}% 106
\BOOKMARK [2][-]{subsection.8.10.1}{Graphic Display}{section.8.10}% 107
\BOOKMARK [2][-]{subsection.8.10.2}{Usability}{section.8.10}% 108
\BOOKMARK [2][-]{subsection.8.10.3}{Additional Comments}{section.8.10}% 109
\BOOKMARK [1][-]{section.8.11}{Tester 03}{chapter.8}% 110
\BOOKMARK [2][-]{subsection.8.11.1}{Graphic Display}{section.8.11}% 111
\BOOKMARK [2][-]{subsection.8.11.2}{Usability}{section.8.11}% 112
\BOOKMARK [2][-]{subsection.8.11.3}{Additional Comments}{section.8.11}% 113
\BOOKMARK [2][-]{subsection.8.11.4}{Security Testing}{section.8.11}% 114
\BOOKMARK [1][-]{section.8.12}{Visual Testing}{chapter.8}% 115
\BOOKMARK [1][-]{section.8.13}{Summary of Chapter}{chapter.8}% 116
\BOOKMARK [0][-]{chapter.9}{Conclusions and Recommendations for Further Work}{}% 117
\BOOKMARK [1][-]{section.9.1}{Summary and Main Conclusions}{chapter.9}% 118
\BOOKMARK [2][-]{subsection.9.1.1}{Developments and Findings Relating to Research Objective 1}{section.9.1}% 119
\BOOKMARK [2][-]{subsection.9.1.2}{Developments and Findings Relating to Research Objective 2}{section.9.1}% 120
\BOOKMARK [2][-]{subsection.9.1.3}{Developments and Findings Relating to Research Objective 3}{section.9.1}% 121
\BOOKMARK [2][-]{subsection.9.1.4}{Developments and Findings Relating to Research Objective 4}{section.9.1}% 122
\BOOKMARK [1][-]{section.9.2}{Recommendations for Further Work}{chapter.9}% 123
\BOOKMARK [0][-]{chapter.10}{Personal Reflections}{}% 124
\BOOKMARK [1][-]{section.10.1}{Fingal County Council Feedback}{chapter.10}% 125
\BOOKMARK [1][-]{section.10.2}{Dublin City County Council Feedback}{chapter.10}% 126
\BOOKMARK [0][-]{chapter.11}{Appendix A}{}% 127
\BOOKMARK [1][-]{section.11.1}{InforMe@Dublin Screen Shots}{chapter.11}% 128
\BOOKMARK [0][-]{chapter.12}{Appendix B}{}% 129
\BOOKMARK [1][-]{section.12.1}{InforMe@Dublin Code Listings}{chapter.12}% 130
\BOOKMARK [1][-]{section.12.2}{Login\046Register}{chapter.12}% 131
\BOOKMARK [2][-]{subsection.12.2.1}{EmailPasswordAuthentication}{section.12.2}% 132
\BOOKMARK [2][-]{subsection.12.2.2}{Progress}{section.12.2}% 133
\BOOKMARK [2][-]{subsection.12.2.3}{RegisterAccount}{section.12.2}% 134
\BOOKMARK [2][-]{subsection.12.2.4}{SetupActivity}{section.12.2}% 135
\BOOKMARK [2][-]{subsection.12.2.5}{ResetActivity}{section.12.2}% 136
\BOOKMARK [1][-]{section.12.3}{Maps\046Geofencing}{chapter.12}% 137
\BOOKMARK [2][-]{subsection.12.3.1}{AddInformation}{section.12.3}% 138
\BOOKMARK [2][-]{subsection.12.3.2}{Constants}{section.12.3}% 139
\BOOKMARK [2][-]{subsection.12.3.3}{GeofenceTransitionsIntentService}{section.12.3}% 140
\BOOKMARK [2][-]{subsection.12.3.4}{MapsActivity}{section.12.3}% 141
\BOOKMARK [2][-]{subsection.12.3.5}{Place}{section.12.3}% 142
\BOOKMARK [1][-]{section.12.4}{PostingInformation\046Comments}{chapter.12}% 143
\BOOKMARK [2][-]{subsection.12.4.1}{Comments}{section.12.4}% 144
\BOOKMARK [2][-]{subsection.12.4.2}{CommentsActivity}{section.12.4}% 145
\BOOKMARK [2][-]{subsection.12.4.3}{InformationFlipActivity}{section.12.4}% 146
\BOOKMARK [2][-]{subsection.12.4.4}{InformationFrontFragment}{section.12.4}% 147
\BOOKMARK [2][-]{subsection.12.4.5}{InformationBackCommentsFragment}{section.12.4}% 148
\BOOKMARK [2][-]{subsection.12.4.6}{PostActivity}{section.12.4}% 149
\BOOKMARK [2][-]{subsection.12.4.7}{UpdateActivity}{section.12.4}% 150
\BOOKMARK [1][-]{section.12.5}{Settings}{chapter.12}% 151
\BOOKMARK [2][-]{subsection.12.5.1}{AppCompatPreferenceActivity}{section.12.5}% 152
\BOOKMARK [2][-]{subsection.12.5.2}{SettingsActivity}{section.12.5}% 153
\BOOKMARK [2][-]{subsection.12.5.3}{CheckConnectivity}{section.12.5}% 154
\BOOKMARK [0][-]{chapter.13}{Appendix C}{}% 155
\BOOKMARK [1][-]{section.13.1}{AndroidManifest}{chapter.13}% 156
\BOOKMARK [0][-]{chapter.14}{Appendix D}{}% 157
\BOOKMARK [1][-]{section.14.1}{Google-services.json}{chapter.14}% 158
\BOOKMARK [0][-]{lstnumber.14.1.42}{Bibliography}{}% 159
